
[19-Nov-2025 12:42:18]  [pool www] pid 176
script_filename = /code/web//index.php
[0x00007854bcc18350] execute() /code/web/core/lib/Drupal/Core/Database/Statement/PdoTrait.php:115
[0x00007854bcc182d0] clientExecute() /code/web/core/lib/Drupal/Core/Database/StatementWrapperIterator.php:70
[0x00007854bcc18210] execute() /code/web/core/lib/Drupal/Core/Database/Query/Upsert.php:111
[0x00007854bcc18110] execute() /code/web/core/lib/Drupal/Core/Cache/DatabaseBackend.php:308
[0x00007854bcc17ff0] doSetMultiple() /code/web/core/lib/Drupal/Core/Cache/DatabaseBackend.php:223
[0x00007854bcc17f50] setMultiple() /code/web/core/lib/Drupal/Core/Cache/DatabaseBackend.php:207
[0x00007854bcc17ea0] set() /code/web/core/lib/Drupal/Core/Cache/ChainedFastBackend.php:182
[0x00007854bcc17e00] set() /code/web/core/lib/Drupal/Core/Cache/UseCacheBackendTrait.php:71
[0x00007854bcc17d60] cacheSet() /code/web/core/lib/Drupal/Core/Entity/EntityFieldManager.php:198
[0x00007854bcc17cc0] getBaseFieldDefinitions() /code/web/core/lib/Drupal/Core/Entity/EntityFieldManager.php:524
[0x00007854bcc17b80] getFieldMap() /code/web/core/lib/Drupal/Core/Entity/EntityFieldManager.php:566
[0x00007854bcc17a80] getFieldMapByFieldType() /code/web/core/modules/comment/src/CommentManager.php:114
[0x00007854bcc179e0] getFields() /code/web/core/modules/comment/src/Hook/CommentHooks.php:246
[0x00007854bcc17910] entityStorageLoad() /code/web/core/lib/Drupal/Core/Entity/ContentEntityStorageBase.php:889
[0x00007854bcc17870] Drupal\Core\Entity\{closure}() /code/web/core/lib/Drupal/Core/Extension/ModuleHandler.php:357
[0x00007854bcc177a0] invokeAllWith() /code/web/core/lib/Drupal/Core/Entity/ContentEntityStorageBase.php:886
[0x00007854bcc17720] invokeStorageLoadHook() /code/web/core/lib/Drupal/Core/Entity/Sql/SqlContentEntityStorage.php:395
[0x00007854bcc17690] doLoadMultiple() /code/web/core/lib/Drupal/Core/Entity/EntityStorageBase.php:313
[0x00007854bcc175d0] loadMultiple() /code/web/core/lib/Drupal/Core/Entity/EntityStorageBase.php:263
[0x00007854bcc17540] load() /code/web/core/lib/Drupal/Core/Session/AccountProxy.php:218

[20-Nov-2025 07:18:20]  [pool www] pid 7
script_filename = /code/web//index.php
[0x00007f9eaa815320] query() /srv/includes/src/Pantheon/Internal/PantheonDbBackend.php:53
[0x00007f9eaa815280] verify_db_connection_active() /srv/includes/src/Pantheon/Internal/PantheonDbBackend.php:115
[0x00007f9eaa8151b0] resurrect_database() /srv/includes/pantheon.php:199
[0x00007f9eaa815100] initialize_pantheon() /includes/prepend.php:87

[20-Nov-2025 07:18:22]  [pool www] pid 8
script_filename = /code/web//index.php
[0x00007f9eaa815320] query() /srv/includes/src/Pantheon/Internal/PantheonDbBackend.php:53
[0x00007f9eaa815280] verify_db_connection_active() /srv/includes/src/Pantheon/Internal/PantheonDbBackend.php:115
[0x00007f9eaa8151b0] resurrect_database() /srv/includes/pantheon.php:199
[0x00007f9eaa815100] initialize_pantheon() /includes/prepend.php:87

[21-Nov-2025 07:32:18]  [pool www] pid 7
script_filename = /code/web//index.php
[0x00007d0654a15320] query() /srv/includes/src/Pantheon/Internal/PantheonDbBackend.php:53
[0x00007d0654a15280] verify_db_connection_active() /srv/includes/src/Pantheon/Internal/PantheonDbBackend.php:115
[0x00007d0654a151b0] resurrect_database() /srv/includes/pantheon.php:199
[0x00007d0654a15100] initialize_pantheon() /includes/prepend.php:87

[21-Nov-2025 07:32:18]  [pool www] pid 8
script_filename = /code/web//index.php
[0x00007d0654a15320] query() /srv/includes/src/Pantheon/Internal/PantheonDbBackend.php:53
[0x00007d0654a15280] verify_db_connection_active() /srv/includes/src/Pantheon/Internal/PantheonDbBackend.php:115
[0x00007d0654a151b0] resurrect_database() /srv/includes/pantheon.php:199
[0x00007d0654a15100] initialize_pantheon() /includes/prepend.php:87

[21-Nov-2025 10:46:16]  [pool www] pid 8
script_filename = /code/web//index.php
[0x00007b12c1415320] query() /srv/includes/src/Pantheon/Internal/PantheonDbBackend.php:53
[0x00007b12c1415280] verify_db_connection_active() /srv/includes/src/Pantheon/Internal/PantheonDbBackend.php:115
[0x00007b12c14151b0] resurrect_database() /srv/includes/pantheon.php:199
[0x00007b12c1415100] initialize_pantheon() /includes/prepend.php:87

[21-Nov-2025 16:31:59]  [pool www] pid 8
script_filename = /code/web//index.php
[0x0000781dd6415320] query() /srv/includes/src/Pantheon/Internal/PantheonDbBackend.php:53
[0x0000781dd6415280] verify_db_connection_active() /srv/includes/src/Pantheon/Internal/PantheonDbBackend.php:115
[0x0000781dd64151b0] resurrect_database() /srv/includes/pantheon.php:199
[0x0000781dd6415100] initialize_pantheon() /includes/prepend.php:87

[21-Nov-2025 16:31:59]  [pool www] pid 9
script_filename = /code/web//index.php
[0x0000781dd6415320] query() /srv/includes/src/Pantheon/Internal/PantheonDbBackend.php:53
[0x0000781dd6415280] verify_db_connection_active() /srv/includes/src/Pantheon/Internal/PantheonDbBackend.php:115
[0x0000781dd64151b0] resurrect_database() /srv/includes/pantheon.php:199
[0x0000781dd6415100] initialize_pantheon() /includes/prepend.php:87

[23-Nov-2025 15:48:23]  [pool www] pid 7
script_filename = /code/web//index.php
[0x00007f660aa15320] query() /srv/includes/src/Pantheon/Internal/PantheonDbBackend.php:53
[0x00007f660aa15280] verify_db_connection_active() /srv/includes/src/Pantheon/Internal/PantheonDbBackend.php:115
[0x00007f660aa151b0] resurrect_database() /srv/includes/pantheon.php:199
[0x00007f660aa15100] initialize_pantheon() /includes/prepend.php:87

[23-Nov-2025 15:48:23]  [pool www] pid 8
script_filename = /code/web//index.php
[0x00007f660aa15320] query() /srv/includes/src/Pantheon/Internal/PantheonDbBackend.php:53
[0x00007f660aa15280] verify_db_connection_active() /srv/includes/src/Pantheon/Internal/PantheonDbBackend.php:115
[0x00007f660aa151b0] resurrect_database() /srv/includes/pantheon.php:199
[0x00007f660aa15100] initialize_pantheon() /includes/prepend.php:87

[24-Nov-2025 13:11:36]  [pool www] pid 7
script_filename = /code/web//index.php
[0x00007b582e015320] query() /srv/includes/src/Pantheon/Internal/PantheonDbBackend.php:53
[0x00007b582e015280] verify_db_connection_active() /srv/includes/src/Pantheon/Internal/PantheonDbBackend.php:115
[0x00007b582e0151b0] resurrect_database() /srv/includes/pantheon.php:199
[0x00007b582e015100] initialize_pantheon() /includes/prepend.php:87

[24-Nov-2025 13:11:38]  [pool www] pid 8
script_filename = /code/web//index.php
[0x00007b582e015320] query() /srv/includes/src/Pantheon/Internal/PantheonDbBackend.php:53
[0x00007b582e015280] verify_db_connection_active() /srv/includes/src/Pantheon/Internal/PantheonDbBackend.php:115
[0x00007b582e0151b0] resurrect_database() /srv/includes/pantheon.php:199
[0x00007b582e015100] initialize_pantheon() /includes/prepend.php:87

[24-Nov-2025 18:32:12]  [pool www] pid 7
script_filename = /code/web//index.php
[0x00007fb591c15320] query() /srv/includes/src/Pantheon/Internal/PantheonDbBackend.php:53
[0x00007fb591c15280] verify_db_connection_active() /srv/includes/src/Pantheon/Internal/PantheonDbBackend.php:115
[0x00007fb591c151b0] resurrect_database() /srv/includes/pantheon.php:199
[0x00007fb591c15100] initialize_pantheon() /includes/prepend.php:87

[24-Nov-2025 18:32:14]  [pool www] pid 8
script_filename = /code/web//index.php
[0x00007fb591c15320] query() /srv/includes/src/Pantheon/Internal/PantheonDbBackend.php:53
[0x00007fb591c15280] verify_db_connection_active() /srv/includes/src/Pantheon/Internal/PantheonDbBackend.php:115
[0x00007fb591c151b0] resurrect_database() /srv/includes/pantheon.php:199
[0x00007fb591c15100] initialize_pantheon() /includes/prepend.php:87

[25-Nov-2025 13:26:55]  [pool www] pid 7
script_filename = /code/web//index.php
[0x00007ebfb0815320] query() /srv/includes/src/Pantheon/Internal/PantheonDbBackend.php:53
[0x00007ebfb0815280] verify_db_connection_active() /srv/includes/src/Pantheon/Internal/PantheonDbBackend.php:115
[0x00007ebfb08151b0] resurrect_database() /srv/includes/pantheon.php:199
[0x00007ebfb0815100] initialize_pantheon() /includes/prepend.php:87

[25-Nov-2025 13:26:57]  [pool www] pid 8
script_filename = /code/web//index.php
[0x00007ebfb0815320] query() /srv/includes/src/Pantheon/Internal/PantheonDbBackend.php:53
[0x00007ebfb0815280] verify_db_connection_active() /srv/includes/src/Pantheon/Internal/PantheonDbBackend.php:115
[0x00007ebfb08151b0] resurrect_database() /srv/includes/pantheon.php:199
[0x00007ebfb0815100] initialize_pantheon() /includes/prepend.php:87

[25-Nov-2025 13:27:00]  [pool www] pid 9
script_filename = /code/web//index.php
[0x00007ebfb08169e0] Composer\Autoload\{closure}() /code/vendor/composer/ClassLoader.php:427
[0x00007ebfb0816950] loadClass() /code/web/core/lib/Drupal/Core/Entity/Sql/SqlContentEntityStorage.php:43
[0x00007ebfb0816900] [INCLUDE_OR_EVAL]() /code/vendor/composer/ClassLoader.php:576
[0x00007ebfb08168a0] Composer\Autoload\{closure}() /code/vendor/composer/ClassLoader.php:427
[0x00007ebfb0816810] loadClass() /code/web/core/modules/node/src/NodeStorage.php:15
[0x00007ebfb08167c0] [INCLUDE_OR_EVAL]() /code/vendor/composer/ClassLoader.php:576
[0x00007ebfb0816760] Composer\Autoload\{closure}() /code/vendor/composer/ClassLoader.php:427
[0x00007ebfb08166d0] loadClass() /code/web/core/lib/Drupal/Core/Entity/EntityType.php:513
[0x00007ebfb0816670] class_exists() /code/web/core/lib/Drupal/Core/Entity/EntityType.php:513
[0x00007ebfb08165c0] hasHandlerClass() /code/web/core/lib/Drupal/Core/Entity/EntityType.php:486
[0x00007ebfb0816520] getHandlerClass() /code/web/core/lib/Drupal/Core/Entity/EntityTypeManager.php:258
[0x00007ebfb0816450] getHandler() /code/web/core/lib/Drupal/Core/Entity/EntityTypeManager.php:192
[0x00007ebfb08163e0] getStorage() /code/web/core/lib/Drupal/Core/Entity/EntityRepository.php:182
[0x00007ebfb08162f0] getCanonicalMultiple() /code/web/core/lib/Drupal/Core/Entity/EntityRepository.php:175
[0x00007ebfb08161f0] getCanonical() /code/web/core/lib/Drupal/Core/ParamConverter/EntityConverter.php:134
[0x00007ebfb0816120] convert() /code/web/core/lib/Drupal/Core/ParamConverter/ParamConverterManager.php:100
[0x00007ebfb0816020] convert() /code/web/core/lib/Drupal/Core/Routing/Enhancer/ParamConversionEnhancer.php:45
[0x00007ebfb0815fa0] enhance() /code/web/core/lib/Drupal/Core/Routing/Router.php:244
[0x00007ebfb0815f00] applyRouteEnhancers() /code/web/core/lib/Drupal/Core/Routing/Router.php:124
[0x00007ebfb0815e60] matchRequest() /code/web/core/lib/Drupal/Core/Routing/AccessAwareRouter.php:89

[25-Nov-2025 18:09:41]  [pool www] pid 8
script_filename = /code/web//index.php
[0x0000782930215320] query() /srv/includes/src/Pantheon/Internal/PantheonDbBackend.php:53
[0x0000782930215280] verify_db_connection_active() /srv/includes/src/Pantheon/Internal/PantheonDbBackend.php:115
[0x00007829302151b0] resurrect_database() /srv/includes/pantheon.php:199
[0x0000782930215100] initialize_pantheon() /includes/prepend.php:87

[25-Nov-2025 22:52:40]  [pool www] pid 7
script_filename = /code/web//index.php
[0x00007b07d7815320] query() /srv/includes/src/Pantheon/Internal/PantheonDbBackend.php:53
[0x00007b07d7815280] verify_db_connection_active() /srv/includes/src/Pantheon/Internal/PantheonDbBackend.php:115
[0x00007b07d78151b0] resurrect_database() /srv/includes/pantheon.php:199
[0x00007b07d7815100] initialize_pantheon() /includes/prepend.php:87

[27-Nov-2025 12:05:14]  [pool www] pid 7
script_filename = /code/web//index.php
[0x00007f68f1015320] query() /srv/includes/src/Pantheon/Internal/PantheonDbBackend.php:53
[0x00007f68f1015280] verify_db_connection_active() /srv/includes/src/Pantheon/Internal/PantheonDbBackend.php:115
[0x00007f68f10151b0] resurrect_database() /srv/includes/pantheon.php:199
[0x00007f68f1015100] initialize_pantheon() /includes/prepend.php:87

[27-Nov-2025 15:30:09]  [pool www] pid 7
script_filename = /code/web//index.php
[0x00007ca290615320] query() /srv/includes/src/Pantheon/Internal/PantheonDbBackend.php:53
[0x00007ca290615280] verify_db_connection_active() /srv/includes/src/Pantheon/Internal/PantheonDbBackend.php:115
[0x00007ca2906151b0] resurrect_database() /srv/includes/pantheon.php:199
[0x00007ca290615100] initialize_pantheon() /includes/prepend.php:87

[27-Nov-2025 15:30:12]  [pool www] pid 8
script_filename = /code/web//index.php
[0x00007ca290615320] query() /srv/includes/src/Pantheon/Internal/PantheonDbBackend.php:53
[0x00007ca290615280] verify_db_connection_active() /srv/includes/src/Pantheon/Internal/PantheonDbBackend.php:115
[0x00007ca2906151b0] resurrect_database() /srv/includes/pantheon.php:199
[0x00007ca290615100] initialize_pantheon() /includes/prepend.php:87

[28-Nov-2025 13:50:06]  [pool www] pid 7
script_filename = /code/web//index.php
[0x000077ff7a415320] query() /srv/includes/src/Pantheon/Internal/PantheonDbBackend.php:53
[0x000077ff7a415280] verify_db_connection_active() /srv/includes/src/Pantheon/Internal/PantheonDbBackend.php:115
[0x000077ff7a4151b0] resurrect_database() /srv/includes/pantheon.php:199
[0x000077ff7a415100] initialize_pantheon() /includes/prepend.php:87

[29-Nov-2025 19:57:27]  [pool www] pid 8
script_filename = /code/web//index.php
[0x00007d0ce8415320] query() /srv/includes/src/Pantheon/Internal/PantheonDbBackend.php:53
[0x00007d0ce8415280] verify_db_connection_active() /srv/includes/src/Pantheon/Internal/PantheonDbBackend.php:115
[0x00007d0ce84151b0] resurrect_database() /srv/includes/pantheon.php:199
[0x00007d0ce8415100] initialize_pantheon() /includes/prepend.php:87

[30-Nov-2025 12:33:42]  [pool www] pid 8
script_filename = /code/web//index.php
[0x00007810ac815320] query() /srv/includes/src/Pantheon/Internal/PantheonDbBackend.php:53
[0x00007810ac815280] verify_db_connection_active() /srv/includes/src/Pantheon/Internal/PantheonDbBackend.php:115
[0x00007810ac8151b0] resurrect_database() /srv/includes/pantheon.php:199
[0x00007810ac815100] initialize_pantheon() /includes/prepend.php:87
